1612708653622	geckodriver	INFO	Listening on 127.0.0.1:58217
1612708653628	mozrunner::runner	INFO	Running command: "/usr/bin/firefox" "--marionette" "-headless" "-foreground" "-no-remote" "-profile" "/tmp/rust_mozprofile4LRJDF"
1612708653628	geckodriver::marionette	DEBUG	Waiting 60s to connect to browser on 127.0.0.1:33425
*** You are running in headless mode.
1612708654003	addons.webextension.screenshots@mozilla.org	WARN	Loading extension 'screenshots@mozilla.org': Reading manifest: Invalid extension permission: mozillaAddons
1612708654003	addons.webextension.screenshots@mozilla.org	WARN	Loading extension 'screenshots@mozilla.org': Reading manifest: Invalid extension permission: telemetry
1612708654003	addons.webextension.screenshots@mozilla.org	WARN	Loading extension 'screenshots@mozilla.org': Reading manifest: Invalid extension permission: resource://pdf.js/
1612708654003	addons.webextension.screenshots@mozilla.org	WARN	Loading extension 'screenshots@mozilla.org': Reading manifest: Invalid extension permission: about:reader*
1612708654124	Marionette	TRACE	Received observer notification profile-after-change
1612708654160	Marionette	TRACE	Received observer notification command-line-startup
1612708654160	Marionette	TRACE	Received observer notification nsPref:changed
1612708654160	Marionette	DEBUG	Init aborted (running=false, enabled=true, finalUIStartup=false)
1612708654328	Marionette	TRACE	Received observer notification toplevel-window-ready
1612708655290	Marionette	TRACE	Received observer notification marionette-startup-requested
1612708655290	Marionette	TRACE	Waiting until startup recorder finished recording startup scripts...
1612708655304	Marionette	TRACE	All scripts recorded.
1612708655305	Marionette	DEBUG	Setting recommended pref apz.content_response_timeout to 60000
1612708655305	Marionette	DEBUG	Setting recommended pref browser.contentblocking.introCount to 99
1612708655305	Marionette	DEBUG	Setting recommended pref browser.download.panel.shown to true
1612708655305	Marionette	DEBUG	Setting recommended pref browser.newtabpage.enabled to false
1612708655306	Marionette	DEBUG	Setting recommended pref browser.pagethumbnails.capturing_disabled to true
1612708655306	Marionette	DEBUG	Setting recommended pref browser.search.update to false
1612708655306	Marionette	DEBUG	Setting recommended pref browser.tabs.disableBackgroundZombification to false
1612708655307	Marionette	DEBUG	Setting recommended pref browser.tabs.remote.separatePrivilegedContentProcess to false
1612708655307	Marionette	DEBUG	Setting recommended pref browser.tabs.unloadOnLowMemory to false
1612708655307	Marionette	DEBUG	Setting recommended pref browser.tabs.warnOnCloseOtherTabs to false
1612708655307	Marionette	DEBUG	Setting recommended pref browser.tabs.warnOnOpen to false
1612708655307	Marionette	DEBUG	Setting recommended pref browser.usedOnWindows10.introURL to 
1612708655307	Marionette	DEBUG	Setting recommended pref browser.urlbar.suggest.searches to false
1612708655308	Marionette	DEBUG	Setting recommended pref datareporting.policy.dataSubmissionPolicyAccepted to false
1612708655308	Marionette	DEBUG	Setting recommended pref dom.disable_beforeunload to true
1612708655308	Marionette	DEBUG	Setting recommended pref dom.disable_open_during_load to false
1612708655308	Marionette	DEBUG	Setting recommended pref dom.file.createInChild to true
1612708655308	Marionette	DEBUG	Setting recommended pref dom.max_chrome_script_run_time to 0
1612708655308	Marionette	DEBUG	Setting recommended pref dom.max_script_run_time to 0
1612708655309	Marionette	DEBUG	Setting recommended pref dom.push.connection.enabled to false
1612708655309	Marionette	DEBUG	Setting recommended pref extensions.getAddons.cache.enabled to false
1612708655309	Marionette	DEBUG	Setting recommended pref extensions.webservice.discoverURL to http://%(server)s/dummy/discoveryURL
1612708655309	Marionette	DEBUG	Setting recommended pref network.http.prompt-temp-redirect to false
1612708655309	Marionette	DEBUG	Setting recommended pref network.http.speculative-parallel-limit to 0
1612708655310	Marionette	DEBUG	Setting recommended pref privacy.trackingprotection.enabled to false
1612708655310	Marionette	DEBUG	Setting recommended pref security.fileuri.strict_origin_policy to false
1612708655310	Marionette	DEBUG	Setting recommended pref security.notification_enable_delay to 0
1612708655310	Marionette	DEBUG	Setting recommended pref signon.autofillForms to false
1612708655310	Marionette	DEBUG	Setting recommended pref signon.rememberSignons to false
1612708655310	Marionette	DEBUG	Setting recommended pref toolkit.cosmeticAnimations.enabled to false
1612708655352	Marionette	INFO	Listening on port 33425
1612708655352	Marionette	DEBUG	Remote service is active
1612708655433	Marionette	DEBUG	Accepted connection 0 from 127.0.0.1:49630
1612708655445	geckodriver::marionette	DEBUG	Connection to Marionette established on 127.0.0.1:33425.
1612708655446	Marionette	DEBUG	0 -> [0,1,"WebDriver:NewSession",{"acceptInsecureCerts":true,"browserName":"firefox"}]
1612708655446	Marionette	WARN	TLS certificate errors will be ignored for this session
1612708655473	Marionette	TRACE	[13] Frame script loaded
1612708655474	Marionette	TRACE	[13] Frame script registered
1612708655477	Marionette	DEBUG	0 <- [1,1,null,{"sessionId":"7335246b-8b20-41d2-ae96-c6d26352eb2c","capabilities":{"browserName":"firefox","browserVersion":"71.0" ... /rust_mozprofile4LRJDF","moz:shutdownTimeout":60000,"moz:useNonSpecCompliantPointerOrigin":false,"moz:webdriverClick":true}}]
1612708655479	webdriver::server	DEBUG	<- 200 OK {"value":{"sessionId":"7335246b-8b20-41d2-ae96-c6d26352eb2c","capabilities":{"acceptInsecureCerts":true,"browserName":"firefox","browserVersion":"71.0","moz:accessibilityChecks":false,"moz:buildID":"20191210124657","moz:geckodriverVersion":"0.27.0","moz:headless":true,"moz:processID":22718,"moz:profile":"/tmp/rust_mozprofile4LRJDF","moz:shutdownTimeout":60000,"moz:useNonSpecCompliantPointerOrigin":false,"moz:webdriverClick":true,"pageLoadStrategy":"normal","platformName":"linux","platformVersion":"5.0.0-37-generic","rotatable":false,"setWindowRect":true,"strictFileInteractability":false,"timeouts":{"implicit":0,"pageLoad":300000,"script":30000},"unhandledPromptBehavior":"dismiss and notify"}}}
1612708655480	webdriver::server	DEBUG	-> POST /session/7335246b-8b20-41d2-ae96-c6d26352eb2c/url {"url": "https://che-eclipse-che.172.17.0.2.nip.io/dashboard/#/ide/admin/che-helloworld-test-sample"}
1612708655481	Marionette	DEBUG	0 -> [0,2,"WebDriver:Navigate",{"url":"https://che-eclipse-che.172.17.0.2.nip.io/dashboard/#/ide/admin/che-helloworld-test-sample"}]
1612708655524	Marionette	TRACE	[13] Received DOM event beforeunload for about:blank
1612708655539	Marionette	TRACE	[13] Received DOM event pagehide for about:blank
1612708656598	Marionette	TRACE	[13] Received DOM event DOMContentLoaded for https://che-eclipse-che.172.17.0.2.nip.io/dashboard/#/ide/admin/che-helloworld-test-sample
1612708656602	Marionette	TRACE	[13] Received DOM event pageshow for https://che-eclipse-che.172.17.0.2.nip.io/dashboard/#/ide/admin/che-helloworld-test-sample
1612708656603	Marionette	DEBUG	0 <- [1,2,null,{"value":null}]
1612708656604	webdriver::server	DEBUG	<- 200 OK {"value":null}
1612708656606	webdriver::server	DEBUG	-> GET /session/7335246b-8b20-41d2-ae96-c6d26352eb2c/title 
1612708656610	Marionette	DEBUG	0 -> [0,3,"WebDriver:GetTitle",{}]
1612708656610	Marionette	DEBUG	0 <- [1,3,null,{"value":"Loading Dashboard..."}]
1612708656611	webdriver::server	DEBUG	<- 200 OK {"value":"Loading Dashboard..."}
1612708657114	webdriver::server	DEBUG	-> GET /session/7335246b-8b20-41d2-ae96-c6d26352eb2c/title 
1612708657116	Marionette	DEBUG	0 -> [0,4,"WebDriver:GetTitle",{}]
1612708657117	Marionette	DEBUG	0 <- [1,4,null,{"value":"Log in to Eclipse Che"}]
1612708657118	webdriver::server	DEBUG	<- 200 OK {"value":"Log in to Eclipse Che"}
1612708657121	webdriver::server	DEBUG	-> POST /session/7335246b-8b20-41d2-ae96-c6d26352eb2c/element {"using": "css selector", "value": "[id=\"username\"]"}
1612708657123	Marionette	DEBUG	0 -> [0,5,"WebDriver:FindElement",{"using":"css selector","value":"[id=\"username\"]"}]
1612708657133	Marionette	DEBUG	0 <- [1,5,null,{"value":{"element-6066-11e4-a52e-4f735466cecf":"6374c61c-412a-4863-92fb-23c09c8b2edb"}}]
1612708657135	webdriver::server	DEBUG	<- 200 OK {"value":{"element-6066-11e4-a52e-4f735466cecf":"6374c61c-412a-4863-92fb-23c09c8b2edb"}}
1612708657138	webdriver::server	DEBUG	-> POST /session/7335246b-8b20-41d2-ae96-c6d26352eb2c/element/6374c61c-412a-4863-92fb-23c09c8b2edb/value {"text": "admin", "value": ["a", "d", "m", "i", "n"], "id": "6374c61c-412a-4863-92fb-23c09c8b2edb"}
1612708657140	Marionette	DEBUG	0 -> [0,6,"WebDriver:ElementSendKeys",{"id":"6374c61c-412a-4863-92fb-23c09c8b2edb","text":"admin","value":["a","d","m","i","n"]}]
1612708657168	Marionette	DEBUG	0 <- [1,6,null,{"value":null}]
1612708657168	webdriver::server	DEBUG	<- 200 OK {"value":null}
1612708657169	webdriver::server	DEBUG	-> POST /session/7335246b-8b20-41d2-ae96-c6d26352eb2c/element {"using": "css selector", "value": "[id=\"password\"]"}
1612708657170	Marionette	DEBUG	0 -> [0,7,"WebDriver:FindElement",{"using":"css selector","value":"[id=\"password\"]"}]
1612708657172	Marionette	DEBUG	0 <- [1,7,null,{"value":{"element-6066-11e4-a52e-4f735466cecf":"63aa0ddd-0e49-4b2a-868b-1b83c95831cb"}}]
1612708657172	webdriver::server	DEBUG	<- 200 OK {"value":{"element-6066-11e4-a52e-4f735466cecf":"63aa0ddd-0e49-4b2a-868b-1b83c95831cb"}}
1612708657174	webdriver::server	DEBUG	-> POST /session/7335246b-8b20-41d2-ae96-c6d26352eb2c/element/63aa0ddd-0e49-4b2a-868b-1b83c95831cb/value {"text": "admin", "value": ["a", "d", "m", "i", "n"], "id": "63aa0ddd-0e49-4b2a-868b-1b83c95831cb"}
1612708657174	Marionette	DEBUG	0 -> [0,8,"WebDriver:ElementSendKeys",{"id":"63aa0ddd-0e49-4b2a-868b-1b83c95831cb","text":"admin","value":["a","d","m","i","n"]}]
1612708657183	Marionette	DEBUG	0 <- [1,8,null,{"value":null}]
1612708657184	webdriver::server	DEBUG	<- 200 OK {"value":null}
1612708657185	webdriver::server	DEBUG	-> POST /session/7335246b-8b20-41d2-ae96-c6d26352eb2c/element {"using": "css selector", "value": "[id=\"kc-login\"]"}
1612708657185	Marionette	DEBUG	0 -> [0,9,"WebDriver:FindElement",{"using":"css selector","value":"[id=\"kc-login\"]"}]
1612708657187	Marionette	DEBUG	0 <- [1,9,null,{"value":{"element-6066-11e4-a52e-4f735466cecf":"2aca7a4b-150b-41f8-8ffa-baa2b26278da"}}]
1612708657188	webdriver::server	DEBUG	<- 200 OK {"value":{"element-6066-11e4-a52e-4f735466cecf":"2aca7a4b-150b-41f8-8ffa-baa2b26278da"}}
1612708657189	webdriver::server	DEBUG	-> POST /session/7335246b-8b20-41d2-ae96-c6d26352eb2c/element/2aca7a4b-150b-41f8-8ffa-baa2b26278da/click {"id": "2aca7a4b-150b-41f8-8ffa-baa2b26278da"}
1612708657189	Marionette	DEBUG	0 -> [0,10,"WebDriver:ElementClick",{"id":"2aca7a4b-150b-41f8-8ffa-baa2b26278da"}]
1612708657202	Marionette	TRACE	[13] Received DOM event beforeunload for https://keycloak-eclipse-che.172.17.0.2.nip.io/auth/realms/che/protocol/openid-connect/auth?client_id=che-public&redirect_uri ... c375-4ab1-8fa7-aa0c0cbc9410&response_mode=fragment&response_type=code&scope=openid&nonce=f7086d1c-c987-4be2-81e7-4b4337f9500d
1612708657320	Marionette	TRACE	[13] Received DOM event pagehide for https://keycloak-eclipse-che.172.17.0.2.nip.io/auth/realms/che/protocol/openid-connect/auth?client_id=che-public&redirect_uri ... c375-4ab1-8fa7-aa0c0cbc9410&response_mode=fragment&response_type=code&scope=openid&nonce=f7086d1c-c987-4be2-81e7-4b4337f9500d
1612708657321	Marionette	TRACE	[13] Received DOM event unload for https://keycloak-eclipse-che.172.17.0.2.nip.io/auth/realms/che/protocol/openid-connect/auth?client_id=che-public&redirect_uri ... c375-4ab1-8fa7-aa0c0cbc9410&response_mode=fragment&response_type=code&scope=openid&nonce=f7086d1c-c987-4be2-81e7-4b4337f9500d
1612708658014	Marionette	TRACE	[13] Received DOM event DOMContentLoaded for https://che-eclipse-che.172.17.0.2.nip.io/dashboard/#/ide/admin/che-helloworld-test-sample&state=6fe9ff4e-c375-4ab1-8fa7-aa0c ... f4fcc21-eff2-44df-b8c4-7a7a81dd2ab6&code=2beee479-9dd5-4559-9a5b-be969aa77910.1f4fcc21-eff2-44df-b8c4-7a7a81dd2ab6.che-public
1612708658016	Marionette	TRACE	[13] Received DOM event pageshow for https://che-eclipse-che.172.17.0.2.nip.io/dashboard/#/ide/admin/che-helloworld-test-sample&state=6fe9ff4e-c375-4ab1-8fa7-aa0c ... f4fcc21-eff2-44df-b8c4-7a7a81dd2ab6&code=2beee479-9dd5-4559-9a5b-be969aa77910.1f4fcc21-eff2-44df-b8c4-7a7a81dd2ab6.che-public
1612708658016	Marionette	DEBUG	0 <- [1,10,null,{"value":null}]
1612708658018	webdriver::server	DEBUG	<- 200 OK {"value":null}
1612708658019	webdriver::server	DEBUG	-> POST /session/7335246b-8b20-41d2-ae96-c6d26352eb2c/timeouts {"implicit": 20000}
1612708658020	Marionette	DEBUG	0 -> [0,11,"WebDriver:SetTimeouts",{"implicit":20000}]
1612708658021	Marionette	DEBUG	0 <- [1,11,null,{"value":null}]
1612708658021	webdriver::server	DEBUG	<- 200 OK {"value":null}
1612708658022	webdriver::server	DEBUG	-> POST /session/7335246b-8b20-41d2-ae96-c6d26352eb2c/url {"url": "https://che-eclipse-che.172.17.0.2.nip.io/dashboard/#/ide/admin/che-helloworld-test-sample"}
1612708658023	Marionette	DEBUG	0 -> [0,12,"WebDriver:Navigate",{"url":"https://che-eclipse-che.172.17.0.2.nip.io/dashboard/#/ide/admin/che-helloworld-test-sample"}]
1612708658026	Marionette	TRACE	[13] Received DOM event popstate for https://che-eclipse-che.172.17.0.2.nip.io/dashboard/#/ide/admin/che-helloworld-test-sample
1612708658032	Marionette	DEBUG	0 <- [1,12,null,{"value":null}]
1612708658033	webdriver::server	DEBUG	<- 200 OK {"value":null}
1612708658034	webdriver::server	DEBUG	-> POST /session/7335246b-8b20-41d2-ae96-c6d26352eb2c/element {"using": "css selector", "value": "[id=\"ide-application-iframe\"]"}
1612708658035	Marionette	DEBUG	0 -> [0,13,"WebDriver:FindElement",{"using":"css selector","value":"[id=\"ide-application-iframe\"]"}]
1612708659658	Marionette	DEBUG	0 <- [1,13,null,{"value":{"element-6066-11e4-a52e-4f735466cecf":"f9ba0527-d954-418e-b97c-68cb658f27ef"}}]
1612708659659	webdriver::server	DEBUG	<- 200 OK {"value":{"element-6066-11e4-a52e-4f735466cecf":"f9ba0527-d954-418e-b97c-68cb658f27ef"}}
1612708659660	webdriver::server	DEBUG	-> POST /session/7335246b-8b20-41d2-ae96-c6d26352eb2c/frame {"id": {"ELEMENT": "f9ba0527-d954-418e-b97c-68cb658f27ef", "element-6066-11e4-a52e-4f735466cecf": "f9ba0527-d954-418e-b97c-68cb658f27ef"}}
1612708659660	Marionette	DEBUG	0 -> [0,14,"WebDriver:SwitchToFrame",{"element":"f9ba0527-d954-418e-b97c-68cb658f27ef"}]
1612708659663	Marionette	DEBUG	0 <- [1,14,null,{"value":null}]
1612708659663	webdriver::server	DEBUG	<- 200 OK {"value":null}
1612708659664	webdriver::server	DEBUG	-> POST /session/7335246b-8b20-41d2-ae96-c6d26352eb2c/element {"using": "xpath", "value": "//*[@id=\"theia-app-shell\"]"}
1612708659665	Marionette	DEBUG	0 -> [0,15,"WebDriver:FindElement",{"using":"xpath","value":"//*[@id=\"theia-app-shell\"]"}]
1612708665209	Marionette	DEBUG	0 <- [1,15,null,{"value":{"element-6066-11e4-a52e-4f735466cecf":"96d65d09-5a1b-4ac1-a686-ef2d7af4031c"}}]
1612708665210	webdriver::server	DEBUG	<- 200 OK {"value":{"element-6066-11e4-a52e-4f735466cecf":"96d65d09-5a1b-4ac1-a686-ef2d7af4031c"}}
1612708665228	Marionette	DEBUG	Closed connection 0
JavaScript error: resource://gre/modules/XULStore.jsm, line 66: Error: Can't find profile directory.
JavaScript error: https://server8wzvdu88-jwtproxy-server-4403.172.17.0.2.nip.io/theia.a5299a86667d90caac3e.js, line 1: Error: connection is closed
1612710067898	geckodriver	INFO	Listening on 127.0.0.1:54401
1612710067904	mozrunner::runner	INFO	Running command: "/usr/bin/firefox" "--marionette" "-headless" "-foreground" "-no-remote" "-profile" "/tmp/rust_mozprofileyObGfx"
1612710067904	geckodriver::marionette	DEBUG	Waiting 60s to connect to browser on 127.0.0.1:34163
*** You are running in headless mode.
1612710068267	addons.webextension.screenshots@mozilla.org	WARN	Loading extension 'screenshots@mozilla.org': Reading manifest: Invalid extension permission: mozillaAddons
1612710068267	addons.webextension.screenshots@mozilla.org	WARN	Loading extension 'screenshots@mozilla.org': Reading manifest: Invalid extension permission: telemetry
1612710068268	addons.webextension.screenshots@mozilla.org	WARN	Loading extension 'screenshots@mozilla.org': Reading manifest: Invalid extension permission: resource://pdf.js/
1612710068268	addons.webextension.screenshots@mozilla.org	WARN	Loading extension 'screenshots@mozilla.org': Reading manifest: Invalid extension permission: about:reader*
1612710068371	Marionette	TRACE	Received observer notification profile-after-change
1612710068408	Marionette	TRACE	Received observer notification command-line-startup
1612710068408	Marionette	TRACE	Received observer notification nsPref:changed
1612710068408	Marionette	DEBUG	Init aborted (running=false, enabled=true, finalUIStartup=false)
1612710068584	Marionette	TRACE	Received observer notification toplevel-window-ready
1612710069551	Marionette	TRACE	Received observer notification marionette-startup-requested
1612710069551	Marionette	TRACE	Waiting until startup recorder finished recording startup scripts...
1612710069569	Marionette	TRACE	All scripts recorded.
1612710069569	Marionette	DEBUG	Setting recommended pref apz.content_response_timeout to 60000
1612710069569	Marionette	DEBUG	Setting recommended pref browser.contentblocking.introCount to 99
1612710069570	Marionette	DEBUG	Setting recommended pref browser.download.panel.shown to true
1612710069570	Marionette	DEBUG	Setting recommended pref browser.newtabpage.enabled to false
1612710069571	Marionette	DEBUG	Setting recommended pref browser.pagethumbnails.capturing_disabled to true
1612710069571	Marionette	DEBUG	Setting recommended pref browser.search.update to false
1612710069571	Marionette	DEBUG	Setting recommended pref browser.tabs.disableBackgroundZombification to false
1612710069572	Marionette	DEBUG	Setting recommended pref browser.tabs.remote.separatePrivilegedContentProcess to false
1612710069572	Marionette	DEBUG	Setting recommended pref browser.tabs.unloadOnLowMemory to false
1612710069572	Marionette	DEBUG	Setting recommended pref browser.tabs.warnOnCloseOtherTabs to false
1612710069572	Marionette	DEBUG	Setting recommended pref browser.tabs.warnOnOpen to false
1612710069572	Marionette	DEBUG	Setting recommended pref browser.usedOnWindows10.introURL to 
1612710069572	Marionette	DEBUG	Setting recommended pref browser.urlbar.suggest.searches to false
1612710069573	Marionette	DEBUG	Setting recommended pref datareporting.policy.dataSubmissionPolicyAccepted to false
1612710069573	Marionette	DEBUG	Setting recommended pref dom.disable_beforeunload to true
1612710069574	Marionette	DEBUG	Setting recommended pref dom.disable_open_during_load to false
1612710069574	Marionette	DEBUG	Setting recommended pref dom.file.createInChild to true
1612710069574	Marionette	DEBUG	Setting recommended pref dom.max_chrome_script_run_time to 0
1612710069574	Marionette	DEBUG	Setting recommended pref dom.max_script_run_time to 0
1612710069575	Marionette	DEBUG	Setting recommended pref dom.push.connection.enabled to false
1612710069575	Marionette	DEBUG	Setting recommended pref extensions.getAddons.cache.enabled to false
1612710069575	Marionette	DEBUG	Setting recommended pref extensions.webservice.discoverURL to http://%(server)s/dummy/discoveryURL
1612710069576	Marionette	DEBUG	Setting recommended pref network.http.prompt-temp-redirect to false
1612710069576	Marionette	DEBUG	Setting recommended pref network.http.speculative-parallel-limit to 0
1612710069576	Marionette	DEBUG	Setting recommended pref privacy.trackingprotection.enabled to false
1612710069576	Marionette	DEBUG	Setting recommended pref security.fileuri.strict_origin_policy to false
1612710069576	Marionette	DEBUG	Setting recommended pref security.notification_enable_delay to 0
1612710069576	Marionette	DEBUG	Setting recommended pref signon.autofillForms to false
1612710069577	Marionette	DEBUG	Setting recommended pref signon.rememberSignons to false
1612710069577	Marionette	DEBUG	Setting recommended pref toolkit.cosmeticAnimations.enabled to false
1612710069615	Marionette	INFO	Listening on port 34163
1612710069615	Marionette	DEBUG	Remote service is active
1612710069725	Marionette	DEBUG	Accepted connection 0 from 127.0.0.1:35152
1612710069726	geckodriver::marionette	DEBUG	Connection to Marionette established on 127.0.0.1:34163.
1612710069728	Marionette	DEBUG	0 -> [0,1,"WebDriver:NewSession",{"acceptInsecureCerts":true,"browserName":"firefox"}]
1612710069729	Marionette	WARN	TLS certificate errors will be ignored for this session
1612710069759	Marionette	TRACE	[13] Frame script loaded
1612710069761	Marionette	TRACE	[13] Frame script registered
1612710069764	Marionette	DEBUG	0 <- [1,1,null,{"sessionId":"f16e38a7-1112-4b92-b5ac-5b6023ecc86b","capabilities":{"browserName":"firefox","browserVersion":"71.0" ... /rust_mozprofileyObGfx","moz:shutdownTimeout":60000,"moz:useNonSpecCompliantPointerOrigin":false,"moz:webdriverClick":true}}]
1612710069765	webdriver::server	DEBUG	<- 200 OK {"value":{"sessionId":"f16e38a7-1112-4b92-b5ac-5b6023ecc86b","capabilities":{"acceptInsecureCerts":true,"browserName":"firefox","browserVersion":"71.0","moz:accessibilityChecks":false,"moz:buildID":"20191210124657","moz:geckodriverVersion":"0.27.0","moz:headless":true,"moz:processID":3434,"moz:profile":"/tmp/rust_mozprofileyObGfx","moz:shutdownTimeout":60000,"moz:useNonSpecCompliantPointerOrigin":false,"moz:webdriverClick":true,"pageLoadStrategy":"normal","platformName":"linux","platformVersion":"5.0.0-37-generic","rotatable":false,"setWindowRect":true,"strictFileInteractability":false,"timeouts":{"implicit":0,"pageLoad":300000,"script":30000},"unhandledPromptBehavior":"dismiss and notify"}}}
1612710069766	webdriver::server	DEBUG	-> POST /session/f16e38a7-1112-4b92-b5ac-5b6023ecc86b/url {"url": "https://che-eclipse-che.172.17.0.2.nip.io/dashboard/#/ide/admin/che-helloworld-test-sample2"}
1612710069767	Marionette	DEBUG	0 -> [0,2,"WebDriver:Navigate",{"url":"https://che-eclipse-che.172.17.0.2.nip.io/dashboard/#/ide/admin/che-helloworld-test-sample2"}]
1612710069796	Marionette	TRACE	[13] Received DOM event beforeunload for about:blank
1612710069876	Marionette	TRACE	[13] Received DOM event pagehide for about:blank
1612710070930	Marionette	TRACE	[13] Received DOM event DOMContentLoaded for https://che-eclipse-che.172.17.0.2.nip.io/dashboard/#/ide/admin/che-helloworld-test-sample2
1612710070941	Marionette	TRACE	[13] Received DOM event pageshow for https://che-eclipse-che.172.17.0.2.nip.io/dashboard/#/ide/admin/che-helloworld-test-sample2
1612710070943	Marionette	DEBUG	0 <- [1,2,null,{"value":null}]
1612710070944	webdriver::server	DEBUG	<- 200 OK {"value":null}
1612710070945	webdriver::server	DEBUG	-> GET /session/f16e38a7-1112-4b92-b5ac-5b6023ecc86b/title 
1612710070946	Marionette	DEBUG	0 -> [0,3,"WebDriver:GetTitle",{}]
1612710070946	Marionette	DEBUG	0 <- [1,3,null,{"value":"Loading Dashboard..."}]
1612710070947	webdriver::server	DEBUG	<- 200 OK {"value":"Loading Dashboard..."}
1612710071449	webdriver::server	DEBUG	-> GET /session/f16e38a7-1112-4b92-b5ac-5b6023ecc86b/title 
1612710071450	Marionette	DEBUG	0 -> [0,4,"WebDriver:GetTitle",{}]
1612710071451	Marionette	DEBUG	0 <- [1,4,null,{"value":"Log in to Eclipse Che"}]
1612710071452	webdriver::server	DEBUG	<- 200 OK {"value":"Log in to Eclipse Che"}
1612710071454	webdriver::server	DEBUG	-> POST /session/f16e38a7-1112-4b92-b5ac-5b6023ecc86b/element {"using": "css selector", "value": "[id=\"username\"]"}
1612710071455	Marionette	DEBUG	0 -> [0,5,"WebDriver:FindElement",{"using":"css selector","value":"[id=\"username\"]"}]
1612710071466	Marionette	DEBUG	0 <- [1,5,null,{"value":{"element-6066-11e4-a52e-4f735466cecf":"2b33d065-bf75-4dba-a20c-0e906c0656da"}}]
1612710071467	webdriver::server	DEBUG	<- 200 OK {"value":{"element-6066-11e4-a52e-4f735466cecf":"2b33d065-bf75-4dba-a20c-0e906c0656da"}}
1612710071470	webdriver::server	DEBUG	-> POST /session/f16e38a7-1112-4b92-b5ac-5b6023ecc86b/element/2b33d065-bf75-4dba-a20c-0e906c0656da/value {"text": "admin", "value": ["a", "d", "m", "i", "n"], "id": "2b33d065-bf75-4dba-a20c-0e906c0656da"}
1612710071472	Marionette	DEBUG	0 -> [0,6,"WebDriver:ElementSendKeys",{"id":"2b33d065-bf75-4dba-a20c-0e906c0656da","text":"admin","value":["a","d","m","i","n"]}]
1612710071508	Marionette	DEBUG	0 <- [1,6,null,{"value":null}]
1612710071508	webdriver::server	DEBUG	<- 200 OK {"value":null}
1612710071509	webdriver::server	DEBUG	-> POST /session/f16e38a7-1112-4b92-b5ac-5b6023ecc86b/element {"using": "css selector", "value": "[id=\"password\"]"}
1612710071510	Marionette	DEBUG	0 -> [0,7,"WebDriver:FindElement",{"using":"css selector","value":"[id=\"password\"]"}]
1612710071515	Marionette	DEBUG	0 <- [1,7,null,{"value":{"element-6066-11e4-a52e-4f735466cecf":"09b14f30-21fd-4aa8-84d0-4b5facc291bf"}}]
1612710071516	webdriver::server	DEBUG	<- 200 OK {"value":{"element-6066-11e4-a52e-4f735466cecf":"09b14f30-21fd-4aa8-84d0-4b5facc291bf"}}
1612710071518	webdriver::server	DEBUG	-> POST /session/f16e38a7-1112-4b92-b5ac-5b6023ecc86b/element/09b14f30-21fd-4aa8-84d0-4b5facc291bf/value {"text": "admin", "value": ["a", "d", "m", "i", "n"], "id": "09b14f30-21fd-4aa8-84d0-4b5facc291bf"}
1612710071518	Marionette	DEBUG	0 -> [0,8,"WebDriver:ElementSendKeys",{"id":"09b14f30-21fd-4aa8-84d0-4b5facc291bf","text":"admin","value":["a","d","m","i","n"]}]
1612710071529	Marionette	DEBUG	0 <- [1,8,null,{"value":null}]
1612710071530	webdriver::server	DEBUG	<- 200 OK {"value":null}
1612710071531	webdriver::server	DEBUG	-> POST /session/f16e38a7-1112-4b92-b5ac-5b6023ecc86b/element {"using": "css selector", "value": "[id=\"kc-login\"]"}
1612710071532	Marionette	DEBUG	0 -> [0,9,"WebDriver:FindElement",{"using":"css selector","value":"[id=\"kc-login\"]"}]
1612710071535	Marionette	DEBUG	0 <- [1,9,null,{"value":{"element-6066-11e4-a52e-4f735466cecf":"def18eb0-d3d5-49b5-b0fc-a4ee57d81de9"}}]
1612710071536	webdriver::server	DEBUG	<- 200 OK {"value":{"element-6066-11e4-a52e-4f735466cecf":"def18eb0-d3d5-49b5-b0fc-a4ee57d81de9"}}
1612710071537	webdriver::server	DEBUG	-> POST /session/f16e38a7-1112-4b92-b5ac-5b6023ecc86b/element/def18eb0-d3d5-49b5-b0fc-a4ee57d81de9/click {"id": "def18eb0-d3d5-49b5-b0fc-a4ee57d81de9"}
1612710071537	Marionette	DEBUG	0 -> [0,10,"WebDriver:ElementClick",{"id":"def18eb0-d3d5-49b5-b0fc-a4ee57d81de9"}]
1612710071550	Marionette	TRACE	[13] Received DOM event beforeunload for https://keycloak-eclipse-che.172.17.0.2.nip.io/auth/realms/che/protocol/openid-connect/auth?client_id=che-public&redirect_uri ... f02b-41e2-be9d-933ff8bd617a&response_mode=fragment&response_type=code&scope=openid&nonce=4e5578f6-4b54-4122-88cf-9d12cc261ca8
1612710071677	Marionette	TRACE	[13] Received DOM event pagehide for https://keycloak-eclipse-che.172.17.0.2.nip.io/auth/realms/che/protocol/openid-connect/auth?client_id=che-public&redirect_uri ... f02b-41e2-be9d-933ff8bd617a&response_mode=fragment&response_type=code&scope=openid&nonce=4e5578f6-4b54-4122-88cf-9d12cc261ca8
1612710071678	Marionette	TRACE	[13] Received DOM event unload for https://keycloak-eclipse-che.172.17.0.2.nip.io/auth/realms/che/protocol/openid-connect/auth?client_id=che-public&redirect_uri ... f02b-41e2-be9d-933ff8bd617a&response_mode=fragment&response_type=code&scope=openid&nonce=4e5578f6-4b54-4122-88cf-9d12cc261ca8
1612710072351	Marionette	TRACE	[13] Received DOM event DOMContentLoaded for https://che-eclipse-che.172.17.0.2.nip.io/dashboard/#/ide/admin/che-helloworld-test-sample2&state=a41ac4e5-f02b-41e2-be9d-933 ... dfa841b-3c09-4ad5-9bdf-9bbdf006b385&code=88e0833a-1645-4864-afe8-638109a9749c.6dfa841b-3c09-4ad5-9bdf-9bbdf006b385.che-public
1612710072353	Marionette	TRACE	[13] Received DOM event pageshow for https://che-eclipse-che.172.17.0.2.nip.io/dashboard/#/ide/admin/che-helloworld-test-sample2&state=a41ac4e5-f02b-41e2-be9d-933 ... dfa841b-3c09-4ad5-9bdf-9bbdf006b385&code=88e0833a-1645-4864-afe8-638109a9749c.6dfa841b-3c09-4ad5-9bdf-9bbdf006b385.che-public
1612710072354	Marionette	DEBUG	0 <- [1,10,null,{"value":null}]
1612710072355	webdriver::server	DEBUG	<- 200 OK {"value":null}
1612710072356	webdriver::server	DEBUG	-> POST /session/f16e38a7-1112-4b92-b5ac-5b6023ecc86b/timeouts {"implicit": 20000}
1612710072357	Marionette	DEBUG	0 -> [0,11,"WebDriver:SetTimeouts",{"implicit":20000}]
1612710072357	Marionette	DEBUG	0 <- [1,11,null,{"value":null}]
1612710072357	webdriver::server	DEBUG	<- 200 OK {"value":null}
1612710072358	webdriver::server	DEBUG	-> POST /session/f16e38a7-1112-4b92-b5ac-5b6023ecc86b/url {"url": "https://che-eclipse-che.172.17.0.2.nip.io/dashboard/#/ide/admin/che-helloworld-test-sample2"}
1612710072359	Marionette	DEBUG	0 -> [0,12,"WebDriver:Navigate",{"url":"https://che-eclipse-che.172.17.0.2.nip.io/dashboard/#/ide/admin/che-helloworld-test-sample2"}]
1612710072362	Marionette	TRACE	[13] Received DOM event popstate for https://che-eclipse-che.172.17.0.2.nip.io/dashboard/#/ide/admin/che-helloworld-test-sample2
1612710072367	Marionette	DEBUG	0 <- [1,12,null,{"value":null}]
1612710072368	webdriver::server	DEBUG	<- 200 OK {"value":null}
1612710072369	webdriver::server	DEBUG	-> POST /session/f16e38a7-1112-4b92-b5ac-5b6023ecc86b/element {"using": "css selector", "value": "[id=\"ide-application-iframe\"]"}
1612710072370	Marionette	DEBUG	0 -> [0,13,"WebDriver:FindElement",{"using":"css selector","value":"[id=\"ide-application-iframe\"]"}]
1612710073967	Marionette	DEBUG	0 <- [1,13,null,{"value":{"element-6066-11e4-a52e-4f735466cecf":"568c9413-79a0-49c7-8515-e46bd8aa96b5"}}]
1612710073967	webdriver::server	DEBUG	<- 200 OK {"value":{"element-6066-11e4-a52e-4f735466cecf":"568c9413-79a0-49c7-8515-e46bd8aa96b5"}}
1612710073969	webdriver::server	DEBUG	-> POST /session/f16e38a7-1112-4b92-b5ac-5b6023ecc86b/frame {"id": {"ELEMENT": "568c9413-79a0-49c7-8515-e46bd8aa96b5", "element-6066-11e4-a52e-4f735466cecf": "568c9413-79a0-49c7-8515-e46bd8aa96b5"}}
1612710073969	Marionette	DEBUG	0 -> [0,14,"WebDriver:SwitchToFrame",{"element":"568c9413-79a0-49c7-8515-e46bd8aa96b5"}]
1612710073975	Marionette	DEBUG	0 <- [1,14,null,{"value":null}]
1612710073976	webdriver::server	DEBUG	<- 200 OK {"value":null}
1612710073977	webdriver::server	DEBUG	-> POST /session/f16e38a7-1112-4b92-b5ac-5b6023ecc86b/element {"using": "xpath", "value": "//*[@id=\"theia-app-shell\"]"}
1612710073978	Marionette	DEBUG	0 -> [0,15,"WebDriver:FindElement",{"using":"xpath","value":"//*[@id=\"theia-app-shell\"]"}]
1612710081261	Marionette	DEBUG	0 <- [1,15,null,{"value":{"element-6066-11e4-a52e-4f735466cecf":"700c40f6-a666-4065-ad6d-3f56c10fe889"}}]
1612710081261	webdriver::server	DEBUG	<- 200 OK {"value":{"element-6066-11e4-a52e-4f735466cecf":"700c40f6-a666-4065-ad6d-3f56c10fe889"}}
1612710081274	Marionette	DEBUG	Closed connection 0
